app/build/outputs/logs/manifest-merger-release-report.txt
-- Merging decision tree log ---
manifest
ADDED from src/main/AndroidManifest.xml:2:1-37:12
	package
		ADDED from src/main/AndroidManifest.xml:3:5-31
		INJECTED from src/main/AndroidManifest.xml
		INJECTED from src/main/AndroidManifest.xml
	android:versionName
		INJECTED from src/main/AndroidManifest.xml
		INJECTED from src/main/AndroidManifest.xml
	xmlns:android
		ADDED from src/main/AndroidManifest.xml:2:11-69
	android:versionCode
		INJECTED from src/main/AndroidManifest.xml
		INJECTED from src/main/AndroidManifest.xml
application
ADDED from src/main/AndroidManifest.xml:5:5-35:19
MERGED from [com.android.support:appcompat-v7:23.0.1] AndroidManifest.xml:22:5-20
MERGED from [com.android.support:support-v4:23.0.1] AndroidManifest.xml:22:5-20
	android:label
		ADDED from src/main/AndroidManifest.xml:8:9-41
	android:allowBackup
		ADDED from src/main/AndroidManifest.xml:6:9-35
	android:icon
		ADDED from src/main/AndroidManifest.xml:7:9-43
	android:theme
		ADDED from src/main/AndroidManifest.xml:9:9-40
activity#com.sfeng.tetris.MainActivity
ADDED from src/main/AndroidManifest.xml:10:9-18:20
	android:label
		ADDED from src/main/AndroidManifest.xml:12:13-45
	android:name
		ADDED from src/main/AndroidManifest.xml:11:13-57
intent-filter#android.intent.action.MAIN+android.intent.category.LAUNCHER
ADDED from src/main/AndroidManifest.xml:13:13-17:29
action#android.intent.action.MAIN
ADDED from src/main/AndroidManifest.xml:14:17-69
	android:name
		ADDED from src/main/AndroidManifest.xml:14:25-66
category#android.intent.category.LAUNCHER
ADDED from src/main/AndroidManifest.xml:16:17-77
	android:name
		ADDED from src/main/AndroidManifest.xml:16:27-74
activity#com.sfeng.tetris.DisplayChatActivity
ADDED from src/main/AndroidManifest.xml:19:9-26:20
	android:label
		ADDED from src/main/AndroidManifest.xml:21:13-47
	android:parentActivityName
		ADDED from src/main/AndroidManifest.xml:22:13-71
	android:name
		ADDED from src/main/AndroidManifest.xml:20:13-64
meta-data#android.support.PARENT_ACTIVITY
ADDED from src/main/AndroidManifest.xml:23:13-25:65
	android:value
		ADDED from src/main/AndroidManifest.xml:25:17-62
	android:name
		ADDED from src/main/AndroidManifest.xml:24:17-63
activity#com.sfeng.tetris.Tetris
ADDED from src/main/AndroidManifest.xml:27:9-34:20
	android:label
		ADDED from src/main/AndroidManifest.xml:29:13-58
	android:parentActivityName
		ADDED from src/main/AndroidManifest.xml:30:13-71
	android:name
		ADDED from src/main/AndroidManifest.xml:28:13-51
uses-sdk
INJECTED from src/main/AndroidManifest.xml reason: use-sdk injection requested
MERGED from [com.android.support:appcompat-v7:23.0.1] AndroidManifest.xml:20:5-43
MERGED from [com.android.support:support-v4:23.0.1] AndroidManifest.xml:20:5-43
	android:targetSdkVersion
		INJECTED from src/main/AndroidManifest.xml
		INJECTED from src/main/AndroidManifest.xml
	android:minSdkVersion
		INJECTED from src/main/AndroidManifest.xml
		INJECTED from src/main/AndroidManifest.xml